0 silly argv { _: [ 'bootstrap' ],
0 silly argv   hoist: true,
0 silly argv   lernaVersion: '3.13.1',
0 silly argv   '$0': 'node_modules/.bin/lerna' }
1 notice cli v3.13.1
2 verbose rootPath /Users/supun/projects/client/link-communication/converse.js
3 verbose hoist using globs ["**"]
4 silly batched [ PackageGraphNode {
4 silly batched     name: '@converse/headless',
4 silly batched     externalDependencies:
4 silly batched      Map {
4 silly batched        'backbone' => [Object],
4 silly batched        'backbone.browserStorage' => [Object],
4 silly batched        'es6-promise' => [Object],
4 silly batched        'filesize' => [Object],
4 silly batched        'jed' => [Object],
4 silly batched        'lodash' => [Object],
4 silly batched        'moment' => [Object],
4 silly batched        'pluggable.js' => [Object],
4 silly batched        'strophe.js' => [Object],
4 silly batched        'strophejs-plugin-ping' => [Object],
4 silly batched        'strophejs-plugin-rsm' => [Object],
4 silly batched        'twemoji' => [Object],
4 silly batched        'urijs' => [Object] },
4 silly batched     localDependencies: Map {},
4 silly batched     localDependents: Map { 'converse.js' => [Object] } } ]
5 silly batched [ PackageGraphNode {
5 silly batched     name: 'converse.js',
5 silly batched     externalDependencies:
5 silly batched      Map {
5 silly batched        '@babel/cli' => [Object],
5 silly batched        '@babel/core' => [Object],
5 silly batched        '@babel/preset-env' => [Object],
5 silly batched        '@fortawesome/fontawesome-free' => [Object],
5 silly batched        'babel-loader' => [Object],
5 silly batched        'backbone.nativeview' => [Object],
5 silly batched        'backbone.overview' => [Object],
5 silly batched        'backbone.vdomview' => [Object],
5 silly batched        'bootstrap' => [Object],
5 silly batched        'bootstrap.native' => [Object],
5 silly batched        'bootstrap.native-loader' => [Object],
5 silly batched        'bourbon' => [Object],
5 silly batched        'bytebuffer' => [Object],
5 silly batched        'clean-css-cli' => [Object],
5 silly batched        'css-loader' => [Object],
5 silly batched        'es6-promise' => [Object],
5 silly batched        'eslint' => [Object],
5 silly batched        'eslint-plugin-lodash' => [Object],
5 silly batched        'exports-loader' => [Object],
5 silly batched        'fast-text-encoding' => [Object],
5 silly batched        'filesize' => [Object],
5 silly batched        'file-loader' => [Object],
5 silly batched        'formdata-polyfill' => [Object],
5 silly batched        'hellojs' => [Object],
5 silly batched        'http-server' => [Object],
5 silly batched        'imports-loader' => [Object],
5 silly batched        'install' => [Object],
5 silly batched        'jasmine-core' => [Object],
5 silly batched        'jed' => [Object],
5 silly batched        'jsdoc' => [Object],
5 silly batched        'lerna' => [Object],
5 silly batched        'lodash-template-loader' => [Object],
5 silly batched        'lodash-template-webpack-loader' => [Object],
5 silly batched        'long' => [Object],
5 silly batched        'mini-css-extract-plugin' => [Object],
5 silly batched        'minimist' => [Object],
5 silly batched        'moment' => [Object],
5 silly batched        'node-sass' => [Object],
5 silly batched        'npm' => [Object],
5 silly batched        'pluggable.js' => [Object],
5 silly batched        'po2json' => [Object],
5 silly batched        'requirejs' => [Object],
5 silly batched        'run-headless-chromium' => [Object],
5 silly batched        'sass-loader' => [Object],
5 silly batched        'sinon' => [Object],
5 silly batched        'sizzle' => [Object],
5 silly batched        'snabbdom' => [Object],
5 silly batched        'strophejs-plugin-register' => [Object],
5 silly batched        'style-loader' => [Object],
5 silly batched        'uglify-es' => [Object],
5 silly batched        'urijs' => [Object],
5 silly batched        'wait-until-promise' => [Object],
5 silly batched        'webpack' => [Object],
5 silly batched        'webpack-cli' => [Object],
5 silly batched        'xss' => [Object] },
5 silly batched     localDependencies: Map {},
5 silly batched     localDependents: Map {} } ]
6 silly npmConfig { registry: undefined,
6 silly npmConfig   npmClient: 'npm',
6 silly npmConfig   npmClientArgs: [],
6 silly npmConfig   mutex: undefined }
7 info Bootstrapping 2 packages
8 verbose lifecycle preinstall
9 silly lifecycle No script for "preinstall" in "@converse/headless", continuing
10 silly lifecycle No script for "preinstall" in "converse.js", continuing
11 silly hasDependencyInstalled converse.js @babel/cli
12 silly hasDependencyInstalled converse.js @babel/core
13 silly hasDependencyInstalled converse.js @babel/preset-env
14 silly hasDependencyInstalled converse.js @converse/headless
15 silly hasDependencyInstalled converse.js @fortawesome/fontawesome-free
16 silly hasDependencyInstalled converse.js babel-loader
17 silly hasDependencyInstalled converse.js backbone.nativeview
18 silly hasDependencyInstalled converse.js backbone.overview
19 silly hasDependencyInstalled converse.js backbone.vdomview
20 silly hasDependencyInstalled converse.js bootstrap
21 silly hasDependencyInstalled converse.js bootstrap.native
22 silly hasDependencyInstalled converse.js bootstrap.native-loader
23 silly hasDependencyInstalled converse.js bourbon
24 silly hasDependencyInstalled converse.js bytebuffer
25 silly hasDependencyInstalled converse.js clean-css-cli
26 silly hasDependencyInstalled converse.js css-loader
27 silly hasDependencyInstalled converse.js es6-promise
28 silly hasDependencyInstalled converse.js eslint
29 silly hasDependencyInstalled converse.js eslint-plugin-lodash
30 silly hasDependencyInstalled converse.js exports-loader
31 silly hasDependencyInstalled converse.js fast-text-encoding
32 silly hasDependencyInstalled converse.js filesize
33 silly hasDependencyInstalled converse.js file-loader
34 silly hasDependencyInstalled converse.js formdata-polyfill
35 silly hasDependencyInstalled converse.js hellojs
36 silly hasDependencyInstalled converse.js http-server
37 silly hasDependencyInstalled converse.js imports-loader
38 silly hasDependencyInstalled converse.js install
39 silly hasDependencyInstalled converse.js jasmine-core
40 silly hasDependencyInstalled converse.js jed
41 silly hasDependencyInstalled converse.js jsdoc
42 silly hasDependencyInstalled converse.js lerna
43 silly hasDependencyInstalled converse.js lodash-template-loader
44 silly hasDependencyInstalled converse.js lodash-template-webpack-loader
45 silly hasDependencyInstalled converse.js long
46 silly hasDependencyInstalled converse.js mini-css-extract-plugin
47 silly hasDependencyInstalled converse.js minimist
48 silly hasDependencyInstalled converse.js moment
49 silly hasDependencyInstalled converse.js node-sass
50 silly hasDependencyInstalled converse.js npm
51 silly hasDependencyInstalled converse.js pluggable.js
52 silly hasDependencyInstalled converse.js po2json
53 silly hasDependencyInstalled converse.js requirejs
54 silly hasDependencyInstalled converse.js run-headless-chromium
55 silly hasDependencyInstalled converse.js sass-loader
56 silly hasDependencyInstalled converse.js sinon
57 silly hasDependencyInstalled converse.js sizzle
58 silly hasDependencyInstalled converse.js snabbdom
59 silly hasDependencyInstalled converse.js strophejs-plugin-register
60 silly hasDependencyInstalled converse.js style-loader
61 silly hasDependencyInstalled converse.js uglify-es
62 silly hasDependencyInstalled converse.js urijs
63 silly hasDependencyInstalled converse.js wait-until-promise
64 silly hasDependencyInstalled converse.js webpack
65 silly hasDependencyInstalled converse.js webpack-cli
66 silly hasDependencyInstalled converse.js xss
67 silly hasDependencyInstalled converse.js backbone
68 silly hasDependencyInstalled converse.js backbone.browserStorage
69 silly hasDependencyInstalled converse.js lodash
70 silly hasDependencyInstalled converse.js strophe.js
71 silly hasDependencyInstalled converse.js strophejs-plugin-ping
72 silly hasDependencyInstalled converse.js strophejs-plugin-rsm
73 silly hasDependencyInstalled converse.js twemoji
74 silly root dependencies {}
75 silly leaf dependencies {}
76 info Installing external dependencies
77 verbose actions 2 actions, concurrency 4
78 info hoist Installing hoisted dependencies into root
79 silly npmInstallDependencies converse.js [ '@babel/cli@^7.2.2',
79 silly npmInstallDependencies   '@babel/core@^7.2.2',
79 silly npmInstallDependencies   '@babel/preset-env@^7.2.3',
79 silly npmInstallDependencies   '@converse/headless@^4.0.2',
79 silly npmInstallDependencies   '@fortawesome/fontawesome-free@5.3.1',
79 silly npmInstallDependencies   'babel-loader@^8.0.4',
79 silly npmInstallDependencies   'backbone.nativeview@conversejs/Backbone.NativeView#5997c8197ca594e6b8469447f28310c78bd1d95e',
79 silly npmInstallDependencies   'backbone.overview@^1.0.2',
79 silly npmInstallDependencies   'backbone.vdomview@^1.0.1',
79 silly npmInstallDependencies   'bootstrap@^4.0.0',
79 silly npmInstallDependencies   'bootstrap.native@^2.0.26',
79 silly npmInstallDependencies   'bootstrap.native-loader@conversejs/bootstrap.native-loader#d8fcbc059562136ffd50b305fdc6eb2bde90f006',
79 silly npmInstallDependencies   'bourbon@^4.3.2',
79 silly npmInstallDependencies   'bytebuffer@^3.5.5',
79 silly npmInstallDependencies   'clean-css-cli@^4.0.10',
79 silly npmInstallDependencies   'css-loader@^1.0.1',
79 silly npmInstallDependencies   'es6-promise@^4.1.0',
79 silly npmInstallDependencies   'eslint@4.19.1',
79 silly npmInstallDependencies   'eslint-plugin-lodash@^2.3.3',
79 silly npmInstallDependencies   'exports-loader@^0.7.0',
79 silly npmInstallDependencies   'fast-text-encoding@^1.0.0',
79 silly npmInstallDependencies   'filesize@^3.6.1',
79 silly npmInstallDependencies   'file-loader@^3.0.1',
79 silly npmInstallDependencies   'formdata-polyfill@^3.0.12',
79 silly npmInstallDependencies   'hellojs@^1.16.1',
79 silly npmInstallDependencies   'http-server@^0.10.0',
79 silly npmInstallDependencies   'imports-loader@^0.8.0',
79 silly npmInstallDependencies   'install@^0.9.5',
79 silly npmInstallDependencies   'jasmine-core@2.99.1',
79 silly npmInstallDependencies   'jed@1.1.1',
79 silly npmInstallDependencies   'jsdoc@^3.5.5',
79 silly npmInstallDependencies   'lerna@^3.13.3',
79 silly npmInstallDependencies   'lodash-template-loader@^2.0.0',
79 silly npmInstallDependencies   'lodash-template-webpack-loader@jcbrand/lodash-template-webpack-loader',
79 silly npmInstallDependencies   'long@^3.1.0',
79 silly npmInstallDependencies   'mini-css-extract-plugin@^0.5.0',
79 silly npmInstallDependencies   'minimist@^1.2.0',
79 silly npmInstallDependencies   'moment@~> 2.19.3 ',
79 silly npmInstallDependencies   'node-sass@^4.9.4',
79 silly npmInstallDependencies   'npm@^6.4.1',
79 silly npmInstallDependencies   'pluggable.js@2.0.0',
79 silly npmInstallDependencies   'po2json@^0.4.4',
79 silly npmInstallDependencies   'requirejs@2.3.5',
79 silly npmInstallDependencies   'run-headless-chromium@^0.1.1',
79 silly npmInstallDependencies   'sass-loader@^7.1.0',
79 silly npmInstallDependencies   'sinon@^2.1.0',
79 silly npmInstallDependencies   'sizzle@^2.3.3',
79 silly npmInstallDependencies   'snabbdom@0.7.2',
79 silly npmInstallDependencies   'strophejs-plugin-register@0.0.1',
79 silly npmInstallDependencies   'style-loader@^0.23.1',
79 silly npmInstallDependencies   'uglify-es@^3.0.24',
79 silly npmInstallDependencies   'urijs@^1.19.1',
79 silly npmInstallDependencies   'wait-until-promise@^1.0.0',
79 silly npmInstallDependencies   'webpack@^4.28.1',
79 silly npmInstallDependencies   'webpack-cli@^3.1.2',
79 silly npmInstallDependencies   'xss@^0.3.3',
79 silly npmInstallDependencies   'backbone@1.4',
79 silly npmInstallDependencies   'backbone.browserStorage@0.0.5',
79 silly npmInstallDependencies   'lodash@^4.17.11',
79 silly npmInstallDependencies   'strophe.js@1.3.2',
79 silly npmInstallDependencies   'strophejs-plugin-ping@0.0.3',
79 silly npmInstallDependencies   'strophejs-plugin-rsm@0.0.2',
79 silly npmInstallDependencies   'twemoji@^11.0.1' ]
80 silly npmInstallDependencies backup /Users/supun/projects/client/link-communication/converse.js/package.json
81 info hoist Pruning hoisted dependencies
82 silly prune [ '/Users/supun/projects/client/link-communication/converse.js/src/headless/node_modules/es6-promise',
82 silly prune   '/Users/supun/projects/client/link-communication/converse.js/src/headless/node_modules/filesize',
82 silly prune   '/Users/supun/projects/client/link-communication/converse.js/src/headless/node_modules/jed',
82 silly prune   '/Users/supun/projects/client/link-communication/converse.js/src/headless/node_modules/moment',
82 silly prune   '/Users/supun/projects/client/link-communication/converse.js/src/headless/node_modules/pluggable.js',
82 silly prune   '/Users/supun/projects/client/link-communication/converse.js/src/headless/node_modules/urijs',
82 silly prune   '/Users/supun/projects/client/link-communication/converse.js/src/headless/node_modules/backbone',
82 silly prune   '/Users/supun/projects/client/link-communication/converse.js/src/headless/node_modules/backbone.browserStorage',
82 silly prune   '/Users/supun/projects/client/link-communication/converse.js/src/headless/node_modules/lodash',
82 silly prune   '/Users/supun/projects/client/link-communication/converse.js/src/headless/node_modules/strophe.js',
82 silly prune   '/Users/supun/projects/client/link-communication/converse.js/src/headless/node_modules/strophejs-plugin-ping',
82 silly prune   '/Users/supun/projects/client/link-communication/converse.js/src/headless/node_modules/strophejs-plugin-rsm',
82 silly prune   '/Users/supun/projects/client/link-communication/converse.js/src/headless/node_modules/twemoji' ]
83 silly rimrafDir /Users/supun/projects/client/link-communication/converse.js/src/headless/node_modules/es6-promise
84 silly rimrafDir /Users/supun/projects/client/link-communication/converse.js/src/headless/node_modules/filesize
85 silly rimrafDir /Users/supun/projects/client/link-communication/converse.js/src/headless/node_modules/jed
86 silly rimrafDir /Users/supun/projects/client/link-communication/converse.js/src/headless/node_modules/moment
87 silly npmInstallDependencies writing tempJson { name: 'converse.js',
87 silly npmInstallDependencies   version: '4.2.0',
87 silly npmInstallDependencies   description: 'Browser based XMPP chat client',
87 silly npmInstallDependencies   main: 'dist/converse.js',
87 silly npmInstallDependencies   directories: { doc: 'docs', locale: 'locale', src: 'src' },
87 silly npmInstallDependencies   repository:
87 silly npmInstallDependencies    { type: 'git',
87 silly npmInstallDependencies      url: 'git://github.com/conversejs/converse.js.git' },
87 silly npmInstallDependencies   keywords: [ 'XMPP', 'Jabber', 'chat', 'messaging', 'chatrooms', 'webchat' ],
87 silly npmInstallDependencies   author: { name: 'JC Brand', email: 'jc@opkode.com' },
87 silly npmInstallDependencies   license: 'MPL-2.0',
87 silly npmInstallDependencies   bugs: { url: 'https://github.com/conversejs/converse.js/issues' },
87 silly npmInstallDependencies   engines: { browser: '*' },
87 silly npmInstallDependencies   devDependencies:
87 silly npmInstallDependencies    { '@babel/cli': '^7.2.2',
87 silly npmInstallDependencies      '@babel/core': '^7.2.2',
87 silly npmInstallDependencies      '@babel/preset-env': '^7.2.3',
87 silly npmInstallDependencies      '@converse/headless': '^4.0.2',
87 silly npmInstallDependencies      '@fortawesome/fontawesome-free': '5.3.1',
87 silly npmInstallDependencies      'babel-loader': '^8.0.4',
87 silly npmInstallDependencies      'backbone.nativeview': 'conversejs/Backbone.NativeView#5997c8197ca594e6b8469447f28310c78bd1d95e',
87 silly npmInstallDependencies      'backbone.overview': '^1.0.2',
87 silly npmInstallDependencies      'backbone.vdomview': '^1.0.1',
87 silly npmInstallDependencies      bootstrap: '^4.0.0',
87 silly npmInstallDependencies      'bootstrap.native': '^2.0.26',
87 silly npmInstallDependencies      'bootstrap.native-loader': 'conversejs/bootstrap.native-loader#d8fcbc059562136ffd50b305fdc6eb2bde90f006',
87 silly npmInstallDependencies      bourbon: '^4.3.2',
87 silly npmInstallDependencies      bytebuffer: '^3.5.5',
87 silly npmInstallDependencies      'clean-css-cli': '^4.0.10',
87 silly npmInstallDependencies      'css-loader': '^1.0.1',
87 silly npmInstallDependencies      'es6-promise': '^4.1.0',
87 silly npmInstallDependencies      eslint: '4.19.1',
87 silly npmInstallDependencies      'eslint-plugin-lodash': '^2.3.3',
87 silly npmInstallDependencies      'exports-loader': '^0.7.0',
87 silly npmInstallDependencies      'fast-text-encoding': '^1.0.0',
87 silly npmInstallDependencies      filesize: '^3.6.1',
87 silly npmInstallDependencies      'file-loader': '^3.0.1',
87 silly npmInstallDependencies      'formdata-polyfill': '^3.0.12',
87 silly npmInstallDependencies      hellojs: '^1.16.1',
87 silly npmInstallDependencies      'http-server': '^0.10.0',
87 silly npmInstallDependencies      'imports-loader': '^0.8.0',
87 silly npmInstallDependencies      install: '^0.9.5',
87 silly npmInstallDependencies      'jasmine-core': '2.99.1',
87 silly npmInstallDependencies      jed: '1.1.1',
87 silly npmInstallDependencies      jsdoc: '^3.5.5',
87 silly npmInstallDependencies      lerna: '^3.13.3',
87 silly npmInstallDependencies      'lodash-template-loader': '^2.0.0',
87 silly npmInstallDependencies      'lodash-template-webpack-loader': 'jcbrand/lodash-template-webpack-loader',
87 silly npmInstallDependencies      long: '^3.1.0',
87 silly npmInstallDependencies      'mini-css-extract-plugin': '^0.5.0',
87 silly npmInstallDependencies      minimist: '^1.2.0',
87 silly npmInstallDependencies      moment: '~> 2.19.3 ',
87 silly npmInstallDependencies      'node-sass': '^4.9.4',
87 silly npmInstallDependencies      npm: '^6.4.1',
87 silly npmInstallDependencies      'pluggable.js': '2.0.0',
87 silly npmInstallDependencies      po2json: '^0.4.4',
87 silly npmInstallDependencies      requirejs: '2.3.5',
87 silly npmInstallDependencies      'run-headless-chromium': '^0.1.1',
87 silly npmInstallDependencies      'sass-loader': '^7.1.0',
87 silly npmInstallDependencies      sinon: '^2.1.0',
87 silly npmInstallDependencies      sizzle: '^2.3.3',
87 silly npmInstallDependencies      snabbdom: '0.7.2',
87 silly npmInstallDependencies      'strophejs-plugin-register': '0.0.1',
87 silly npmInstallDependencies      'style-loader': '^0.23.1',
87 silly npmInstallDependencies      'uglify-es': '^3.0.24',
87 silly npmInstallDependencies      urijs: '^1.19.1',
87 silly npmInstallDependencies      'wait-until-promise': '^1.0.0',
87 silly npmInstallDependencies      webpack: '^4.28.1',
87 silly npmInstallDependencies      'webpack-cli': '^3.1.2',
87 silly npmInstallDependencies      xss: '^0.3.3' },
87 silly npmInstallDependencies   dependencies:
87 silly npmInstallDependencies    { backbone: '1.4',
87 silly npmInstallDependencies      'backbone.browserStorage': '0.0.5',
87 silly npmInstallDependencies      lodash: '^4.17.11',
87 silly npmInstallDependencies      'strophe.js': '1.3.2',
87 silly npmInstallDependencies      'strophejs-plugin-ping': '0.0.3',
87 silly npmInstallDependencies      'strophejs-plugin-rsm': '0.0.2',
87 silly npmInstallDependencies      twemoji: '^11.0.1' } }
88 verbose prune /Users/supun/projects/client/link-communication/converse.js/src/headless/node_modules/es6-promise
89 silly rimrafDir /Users/supun/projects/client/link-communication/converse.js/src/headless/node_modules/pluggable.js
90 verbose prune /Users/supun/projects/client/link-communication/converse.js/src/headless/node_modules/filesize
91 silly rimrafDir /Users/supun/projects/client/link-communication/converse.js/src/headless/node_modules/urijs
92 verbose prune /Users/supun/projects/client/link-communication/converse.js/src/headless/node_modules/jed
93 silly rimrafDir /Users/supun/projects/client/link-communication/converse.js/src/headless/node_modules/backbone
94 verbose prune /Users/supun/projects/client/link-communication/converse.js/src/headless/node_modules/moment
95 silly rimrafDir /Users/supun/projects/client/link-communication/converse.js/src/headless/node_modules/backbone.browserStorage
96 verbose prune /Users/supun/projects/client/link-communication/converse.js/src/headless/node_modules/pluggable.js
97 silly rimrafDir /Users/supun/projects/client/link-communication/converse.js/src/headless/node_modules/lodash
98 verbose prune /Users/supun/projects/client/link-communication/converse.js/src/headless/node_modules/urijs
99 silly rimrafDir /Users/supun/projects/client/link-communication/converse.js/src/headless/node_modules/strophe.js
100 verbose prune /Users/supun/projects/client/link-communication/converse.js/src/headless/node_modules/backbone
101 silly rimrafDir /Users/supun/projects/client/link-communication/converse.js/src/headless/node_modules/strophejs-plugin-ping
102 verbose prune /Users/supun/projects/client/link-communication/converse.js/src/headless/node_modules/backbone.browserStorage
103 silly rimrafDir /Users/supun/projects/client/link-communication/converse.js/src/headless/node_modules/strophejs-plugin-rsm
104 verbose prune /Users/supun/projects/client/link-communication/converse.js/src/headless/node_modules/lodash
105 silly rimrafDir /Users/supun/projects/client/link-communication/converse.js/src/headless/node_modules/twemoji
106 verbose prune /Users/supun/projects/client/link-communication/converse.js/src/headless/node_modules/strophe.js
107 verbose prune /Users/supun/projects/client/link-communication/converse.js/src/headless/node_modules/strophejs-plugin-ping
108 verbose prune /Users/supun/projects/client/link-communication/converse.js/src/headless/node_modules/strophejs-plugin-rsm
109 verbose prune /Users/supun/projects/client/link-communication/converse.js/src/headless/node_modules/twemoji
110 info hoist Finished pruning hoisted dependencies
111 silly getExecOpts /Users/supun/projects/client/link-communication/converse.js undefined
112 silly npmInstall [ 'npm', [ 'install' ] ]
113 silly npmInstallDependencies cleanup /Users/supun/projects/client/link-communication/converse.js/package.json
114 error Error: ENOENT: no such file or directory, rename '/Users/supun/projects/client/link-communication/converse.js/package.json.lerna_backup' -> '/Users/supun/projects/client/link-communication/converse.js/package.json'
114 error     at Object.fs.renameSync (fs.js:766:18)
114 error     at cleanup (/Users/supun/projects/client/link-communication/converse.js/node_modules/@lerna/npm-install/npm-install.js:70:10)
114 error     at done (/Users/supun/projects/client/link-communication/converse.js/node_modules/@lerna/npm-install/npm-install.js:78:7)
114 error     at writePkg.then.then (/Users/supun/projects/client/link-communication/converse.js/node_modules/@lerna/npm-install/npm-install.js:94:19)
114 error     at <anonymous>
